SF:lib/src/app.dart
DA:14,1
DA:21,1
DA:23,1
DA:35,1
DA:36,1
DA:37,2
DA:38,4
DA:41,2
DA:42,1
DA:46,3
DA:47,3
DA:48,1
LF:12
LH:12
end_of_record
SF:lib/src/presentation/detail_page.dart
DA:13,1
DA:19,1
DA:20,1
DA:23,1
DA:29,0
DA:30,0
DA:31,0
DA:32,0
DA:34,0
DA:41,1
DA:43,1
DA:45,2
DA:46,1
LF:13
LH:8
end_of_record
SF:lib/src/presentation/search_page.dart
DA:6,1
DA:8,1
DA:10,1
DA:11,0
LF:4
LH:3
end_of_record
SF:lib/src/presentation/widgets/search_result_row.dart
DA:6,1
DA:15,1
DA:17,1
DA:18,1
DA:19,1
DA:21,1
DA:23,1
DA:24,1
DA:26,1
DA:28,1
DA:29,2
DA:31,1
DA:39,1
DA:41,1
DA:42,1
DA:53,1
DA:59,1
DA:61,1
DA:62,1
DA:64,1
DA:66,1
DA:68,1
DA:69,1
DA:70,2
DA:71,2
DA:72,2
DA:77,6
DA:79,1
DA:80,2
DA:81,2
DA:84,2
DA:85,2
DA:86,4
LF:33
LH:33
end_of_record
SF:lib/src/config/app_theme.dart
DA:13,4
DA:18,1
DA:22,1
DA:23,1
DA:26,1
DA:27,1
LF:6
LH:6
end_of_record
SF:lib/src/infrastructure/data_controller.dart
DA:26,1
DA:34,1
DA:36,3
DA:37,1
DA:38,1
DA:40,2
DA:44,1
DA:45,0
DA:48,2
DA:49,1
DA:50,0
DA:51,0
DA:56,1
DA:58,3
DA:59,1
DA:62,1
DA:63,0
DA:66,2
DA:67,1
DA:68,0
DA:69,0
LF:21
LH:15
end_of_record
SF:lib/src/providers/object_detail_provider.dart
DA:7,1
DA:15,3
DA:16,3
DA:17,3
DA:18,3
DA:19,3
DA:20,3
DA:21,0
DA:22,0
DA:23,0
DA:25,3
DA:27,1
DA:28,3
DA:30,1
DA:32,1
DA:33,0
DA:34,2
DA:37,1
LF:18
LH:14
end_of_record
SF:lib/src/providers/search_provider.dart
DA:9,1
DA:17,3
DA:19,1
DA:20,1
DA:21,1
DA:23,3
DA:24,1
DA:25,1
DA:26,0
DA:27,0
DA:29,1
DA:30,1
DA:31,3
DA:35,1
LF:14
LH:12
end_of_record
SF:lib/src/extensions/build_context_extensions.dart
DA:6,2
LF:1
LH:1
end_of_record
SF:lib/src/infrastructure/models/failure.dart
DA:6,1
DA:8,1
DA:9,1
LF:3
LH:3
end_of_record
SF:lib/src/infrastructure/models/object_detail.g.dart
DA:9,2
DA:10,1
DA:11,1
DA:12,1
DA:13,1
DA:14,1
DA:15,1
DA:16,1
DA:17,1
DA:18,1
DA:19,1
DA:20,2
DA:21,1
DA:24,0
DA:25,0
DA:26,0
DA:27,0
DA:28,0
DA:29,0
DA:30,0
DA:31,0
DA:32,0
DA:33,0
DA:34,0
DA:35,0
DA:36,0
DA:37,0
LF:27
LH:13
end_of_record
SF:lib/src/infrastructure/models/object_detail.dart
DA:11,1
DA:26,1
DA:27,1
DA:30,0
DA:45,2
DA:46,4
DA:47,2
DA:49,1
DA:50,3
LF:9
LH:8
end_of_record
SF:lib/src/infrastructure/models/search_response.dart
DA:11,1
DA:17,1
DA:18,1
DA:21,0
LF:4
LH:3
end_of_record
SF:lib/src/infrastructure/models/search_response.g.dart
DA:9,1
DA:10,1
DA:11,1
DA:12,1
DA:13,3
DA:14,1
DA:15,2
DA:18,0
DA:19,0
DA:20,0
DA:21,0
DA:22,0
LF:12
LH:7
end_of_record
SF:lib/src/infrastructure/models/prijs.g.dart
DA:9,2
DA:10,1
DA:11,1
DA:12,1
DA:13,1
DA:16,0
DA:17,0
DA:18,0
DA:19,0
DA:20,0
LF:10
LH:5
end_of_record
SF:lib/src/infrastructure/models/prijs.dart
DA:9,1
DA:16,1
DA:17,1
DA:20,0
LF:4
LH:3
end_of_record
SF:lib/src/infrastructure/models/paging.g.dart
DA:9,2
DA:10,1
DA:11,1
DA:12,1
DA:13,1
DA:16,0
DA:17,0
DA:18,0
DA:19,0
DA:20,0
LF:10
LH:5
end_of_record
SF:lib/src/infrastructure/models/paging.dart
DA:9,1
DA:16,1
DA:17,1
DA:20,0
LF:4
LH:3
end_of_record
SF:lib/src/infrastructure/models/search_object.dart
DA:11,1
DA:32,1
DA:33,1
DA:36,0
DA:57,2
DA:58,4
DA:59,2
DA:61,1
DA:62,3
LF:9
LH:8
end_of_record
SF:lib/src/infrastructure/models/search_object.g.dart
DA:9,2
DA:10,1
DA:11,1
DA:12,1
DA:13,1
DA:14,1
DA:15,1
DA:16,1
DA:17,1
DA:18,1
DA:19,1
DA:20,1
DA:21,1
DA:22,1
DA:23,1
DA:24,1
DA:25,1
DA:26,1
DA:27,2
DA:30,0
DA:31,0
DA:32,0
DA:33,0
DA:34,0
DA:35,0
DA:36,0
DA:37,0
DA:38,0
DA:39,0
DA:40,0
DA:41,0
DA:42,0
DA:43,0
DA:44,0
DA:45,0
DA:46,0
DA:47,0
DA:48,0
DA:49,0
LF:39
LH:19
end_of_record
SF:lib/src/presentation/widgets/detail_page_app_bar.dart
DA:7,1
DA:9,1
DA:11,1
DA:12,1
DA:14,1
DA:19,2
DA:20,1
DA:21,1
DA:22,0
DA:25,1
DA:26,0
DA:30,1
DA:31,1
DA:32,1
DA:33,1
DA:34,3
LF:16
LH:14
end_of_record
SF:lib/src/presentation/widgets/detail_page_main_actions.dart
DA:5,1
DA:7,1
DA:9,1
DA:10,1
DA:11,1
DA:12,1
DA:14,2
DA:16,1
DA:18,2
DA:20,1
DA:22,2
DA:31,1
DA:39,1
DA:41,1
DA:43,1
DA:44,1
DA:47,1
DA:48,3
DA:50,1
DA:51,1
DA:52,1
DA:53,1
DA:55,2
DA:58,1
DA:59,1
DA:60,3
DA:61,2
LF:27
LH:27
end_of_record
SF:lib/src/presentation/widgets/detail_page_object_description.dart
DA:7,1
DA:9,1
DA:11,1
DA:12,2
DA:14,1
DA:15,1
DA:17,1
DA:19,1
DA:20,1
DA:21,2
DA:22,2
DA:28,3
LF:12
LH:12
end_of_record
SF:lib/src/presentation/widgets/detail_page_object_info.dart
DA:6,1
DA:8,1
DA:10,1
DA:11,2
DA:13,1
DA:14,1
DA:16,1
DA:18,1
DA:19,1
DA:20,1
DA:21,2
DA:26,1
DA:27,3
DA:28,2
DA:31,1
DA:32,1
DA:33,1
DA:36,1
DA:37,1
DA:38,2
LF:20
LH:20
end_of_record
SF:lib/src/presentation/widgets/search_app_bar.dart
DA:7,1
DA:9,1
DA:10,1
DA:17,1
DA:19,1
DA:20,2
DA:21,2
DA:24,1
DA:26,1
DA:27,2
DA:28,2
DA:31,1
DA:32,2
DA:33,5
DA:36,1
DA:38,1
DA:41,1
DA:42,1
DA:43,1
DA:44,1
DA:45,1
DA:46,1
DA:51,1
DA:53,1
DA:54,1
DA:55,1
DA:56,3
DA:59,1
DA:60,1
DA:65,1
LF:30
LH:30
end_of_record
SF:lib/src/presentation/widgets/search_results_list.dart
DA:11,1
DA:13,1
DA:14,2
DA:19,0
DA:25,0
DA:26,0
DA:27,0
DA:28,0
DA:33,1
DA:34,1
DA:35,1
DA:36,1
DA:38,1
DA:39,2
DA:40,1
DA:41,1
DA:42,1
DA:43,1
DA:50,1
DA:52,1
DA:54,1
DA:55,1
DA:56,3
DA:58,1
DA:59,1
DA:60,1
DA:61,1
DA:62,1
DA:63,2
DA:64,1
DA:66,3
DA:71,1
DA:72,1
DA:73,1
DA:77,5
LF:35
LH:30
end_of_record
